
-------- begin --------
avr-gcc (WinAVR 20100110) 4.3.3
Copyright (C) 2008 Free Software Foundation, Inc.
This is free software; see the source for copying conditions.  There is NO
warranty; not even for MERCHANTABILITY or FITNESS FOR A PARTICULAR PURPOSE.


Size before:
my_idea.elf  :
section    size      addr
.text       506         0
.bss         14   8388704
.stab      1212         0
.stabstr   1716         0
Total      3448




Size after:
my_idea.elf  :
section    size      addr
.text       506         0
.bss         14   8388704
.stab      1212         0
.stabstr   1716         0
Total      3448



Errors: none
-------- end --------

