set -e; avr-gcc -MM -mmcu=atmega8 -I. -O0 -gstabs -std=gnu99  -funsigned-char -funsigned-bitfields -fpack-struct -fshort-enums  -Wall -Wstrict-prototypes  -Wa,-adhlns=my_idea.lst   my_idea.c \
	| sed 's,\(.*\)\.o[ :]*,\1.o \1.d : ,g' > my_idea.d; \
	[ -s my_idea.d ] || rm -f my_idea.d

-------- begin --------
avr-gcc (WinAVR 20100110) 4.3.3
Copyright (C) 2008 Free Software Foundation, Inc.
This is free software; see the source for copying conditions.  There is NO
warranty; not even for MERCHANTABILITY or FITNESS FOR A PARTICULAR PURPOSE.


Size before:
my_idea.elf  :
section    size      addr
.text       234         0
.bss          2   8388704
.stab       912         0
.stabstr   1625         0
Total      2773




Compiling: my_idea.c
avr-gcc -c -mmcu=atmega8 -I. -O0 -gstabs -std=gnu99  -funsigned-char -funsigned-bitfields -fpack-struct -fshort-enums  -Wall -Wstrict-prototypes  -Wa,-adhlns=my_idea.lst   my_idea.c -o my_idea.o
In file included from my_idea.c:9:
c:/winavr/lib/gcc/../../avr/include/avr\signal.h:36:2: warning: #warning "This header file is obsolete.  Use <avr/interrupt.h>."

Linking: my_idea.elf
avr-gcc -mmcu=atmega8 -I. -O0 -gstabs -std=gnu99  -funsigned-char -funsigned-bitfields -fpack-struct -fshort-enums  -Wall -Wstrict-prototypes  -Wa,-adhlns=my_idea.o   my_idea.o  --output my_idea.elf -lm -Wl,-Map=my_idea.map -Wl,--cref

Creating load file for Flash: my_idea.hex
avr-objcopy -O ihex -R .eeprom my_idea.elf my_idea.hex

Creating load file for EEPROM: my_idea.eep
avr-objcopy -j .eeprom --set-section-flags=.eeprom="alloc,load" \
	--change-section-lma .eeprom=0 -O ihex my_idea.elf my_idea.eep
c:\winavr\bin\avr-objcopy.exe: --change-section-lma .eeprom=0x00000000 never used

Creating Extended Listing: my_idea.lss
avr-objdump -h -S my_idea.elf > my_idea.lss

Creating Symbol Table: my_idea.sym
avr-nm -n my_idea.elf > my_idea.sym

Converting to AVR COFF: my_idea.cof
avr-objcopy --debugging --change-section-address .data-0x800000 --change-section-address .bss-0x800000 --change-section-address .noinit-0x800000 --change-section-address .eeprom-0x810000 -O coff-ext-avr my_idea.elf my_idea.cof   # Extended COFF. Supported in VMLAB from rel. 3.10
Discarding local symbol outside any compilation unit: .do_clear_bss_start
Discarding local symbol outside any compilation unit: .do_clear_bss_loop
Warning: no "data" section found in output file
c:\winavr\bin\avr-objcopy.exe: --change-section-vma .eeprom+0xff7f0000 never used
c:\winavr\bin\avr-objcopy.exe: --change-section-lma .eeprom+0xff7f0000 never used
c:\winavr\bin\avr-objcopy.exe: --change-section-vma .noinit+0xff800000 never used
c:\winavr\bin\avr-objcopy.exe: --change-section-lma .noinit+0xff800000 never used
c:\winavr\bin\avr-objcopy.exe: --change-section-vma .data+0xff800000 never used
c:\winavr\bin\avr-objcopy.exe: --change-section-lma .data+0xff800000 never used

Size after:
my_idea.elf  :
section    size      addr
.text       242         0
.bss          2   8388704
.stab       924         0
.stabstr   1625         0
Total      2793



Errors: none
-------- end --------

