
-------- begin --------
avr-gcc (WinAVR 20100110) 4.3.3
Copyright (C) 2008 Free Software Foundation, Inc.
This is free software; see the source for copying conditions.  There is NO
warranty; not even for MERCHANTABILITY or FITNESS FOR A PARTICULAR PURPOSE.


Size before:
my_idea.elf  :
section    size      addr
.text      1084         0
.bss          4   8388704
.stab      1548         0
.stabstr   1791         0
Total      4427




Size after:
my_idea.elf  :
section    size      addr
.text      1084         0
.bss          4   8388704
.stab      1548         0
.stabstr   1791         0
Total      4427



Errors: none
-------- end --------

